<?xml version="1.0" encoding="UTF-8"?>
<!-- Generated by org.testng.reporters.JUnitReportReporter -->
<testsuite hostname="USER-Komputer" name="color.exchange.engine.test.ColorChangeTest" tests="2" failures="0" timestamp="2 Nov 2012 15:44:26 GMT" time="0.141" errors="0">
  <testcase name="executeColorChangeTest" time="0.016" classname="color.exchange.engine.test.ColorChangeTest"/>
  <testcase name="executorCreateTest" time="0.125" classname="color.exchange.engine.test.ColorChangeTest"/>
</testsuite> <!-- color.exchange.engine.test.ColorChangeTest -->
